Using pre-set license
Built from '2021.3/staging' branch; Version is '2021.3.20f1 (577897200b8b) revision 5732503'; Using compiler version '192829333'; Build Type 'Release'
OS: 'Windows 10  (10.0.19045) 64bit Core' Language: 'pl' Physical Memory: 16326 MB
BatchMode: 1, IsHumanControllingUs: 0, StartBugReporterOnCrash: 0, Is64bit: 1, IsPro: 1

COMMAND LINE ARGUMENTS:
E:\Unity\2021.3.20f1\Editor\Unity.exe
-adb2
-batchMode
-noUpm
-name
AssetImportWorker0
-projectPath
D:/mgr/unity_grafika/zad3/My project
-logFile
Logs/AssetImportWorker0.log
-srvPort
62059
Successfully changed project path to: D:/mgr/unity_grafika/zad3/My project
D:/mgr/unity_grafika/zad3/My project
[UnityMemory] Configuration Parameters - Can be set up in boot.config
    "memorysetup-bucket-allocator-granularity=16"
    "memorysetup-bucket-allocator-bucket-count=8"
    "memorysetup-bucket-allocator-block-size=33554432"
    "memorysetup-bucket-allocator-block-count=8"
    "memorysetup-main-allocator-block-size=16777216"
    "memorysetup-thread-allocator-block-size=16777216"
    "memorysetup-gfx-main-allocator-block-size=16777216"
    "memorysetup-gfx-thread-allocator-block-size=16777216"
    "memorysetup-cache-allocator-block-size=4194304"
    "memorysetup-typetree-allocator-block-size=2097152"
    "memorysetup-profiler-bucket-allocator-granularity=16"
    "memorysetup-profiler-bucket-allocator-bucket-count=8"
    "memorysetup-profiler-bucket-allocator-block-size=33554432"
    "memorysetup-profiler-bucket-allocator-block-count=8"
    "memorysetup-profiler-allocator-block-size=16777216"
    "memorysetup-profiler-editor-allocator-block-size=1048576"
    "memorysetup-temp-allocator-size-main=16777216"
    "memorysetup-job-temp-allocator-block-size=2097152"
    "memorysetup-job-temp-allocator-block-size-background=1048576"
    "memorysetup-job-temp-allocator-reduction-small-platforms=262144"
    "memorysetup-temp-allocator-size-background-worker=32768"
    "memorysetup-temp-allocator-size-job-worker=262144"
    "memorysetup-temp-allocator-size-preload-manager=33554432"
    "memorysetup-temp-allocator-size-nav-mesh-worker=65536"
    "memorysetup-temp-allocator-size-audio-worker=65536"
    "memorysetup-temp-allocator-size-cloud-worker=32768"
    "memorysetup-temp-allocator-size-gi-baking-worker=262144"
    "memorysetup-temp-allocator-size-gfx=262144"
Player connection [21252] Host "[IP] 192.168.1.111 [Port] 0 [Flags] 2 [Guid] 3668090518 [EditorId] 3668090518 [Version] 1048832 [Id] WindowsEditor(7,DESKTOP-QOOD5VN) [Debug] 1 [PackageName] WindowsEditor [ProjectName] Editor" joined multi-casting on [225.0.0.222:54997]...

Player connection [21252] Host "[IP] 192.168.1.111 [Port] 0 [Flags] 2 [Guid] 3668090518 [EditorId] 3668090518 [Version] 1048832 [Id] WindowsEditor(7,DESKTOP-QOOD5VN) [Debug] 1 [PackageName] WindowsEditor [ProjectName] Editor" joined alternative multi-casting on [225.0.0.222:34997]...

Refreshing native plugins compatible for Editor in 233.30 ms, found 3 plugins.
Preloading 0 native plugins for Editor in 0.00 ms.
Initialize engine version: 2021.3.20f1 (577897200b8b)
[Subsystems] Discovering subsystems at path E:/Unity/2021.3.20f1/Editor/Data/Resources/UnitySubsystems
[Subsystems] Discovering subsystems at path D:/mgr/unity_grafika/zad3/My project/Assets
GfxDevice: creating device client; threaded=0; jobified=0
Direct3D:
    Version:  Direct3D 11.0 [level 11.1]
    Renderer: NVIDIA GeForce GTX 1060 6GB (ID=0x1c03)
    Vendor:   NVIDIA
    VRAM:     6052 MB
    Driver:   31.0.15.1694
Initialize mono
Mono path[0] = 'E:/Unity/2021.3.20f1/Editor/Data/Managed'
Mono path[1] = 'E:/Unity/2021.3.20f1/Editor/Data/MonoBleedingEdge/lib/mono/unityjit-win32'
Mono config path = 'E:/Unity/2021.3.20f1/Editor/Data/MonoBleedingEdge/etc'
Using monoOptions --debugger-agent=transport=dt_socket,embedding=1,server=y,suspend=n,address=127.0.0.1:56612
Begin MonoManager ReloadAssembly
Registering precompiled unity dll's ...
Register platform support module: E:/Unity/2021.3.20f1/Editor/Data/PlaybackEngines/AndroidPlayer/UnityEditor.Android.Extensions.dll
Register platform support module: E:/Unity/2021.3.20f1/Editor/Data/PlaybackEngines/WindowsStandaloneSupport/UnityEditor.WindowsStandalone.Extensions.dll
Registered in 0.005075 seconds.
Native extension for WindowsStandalone target not found
Native extension for Android target not found
Android Extension - Scanning For ADB Devices 418 ms
Refreshing native plugins compatible for Editor in 427.72 ms, found 3 plugins.
Preloading 0 native plugins for Editor in 0.00 ms.
Mono: successfully reloaded assembly
- Completed reload, in  2.208 seconds
Domain Reload Profiling:
	ReloadAssembly (2209ms)
		BeginReloadAssembly (193ms)
			ExecutionOrderSort (0ms)
			DisableScriptedObjects (0ms)
			BackupInstance (0ms)
			ReleaseScriptingObjects (0ms)
			CreateAndSetChildDomain (1ms)
		EndReloadAssembly (1861ms)
			LoadAssemblies (194ms)
			RebuildTransferFunctionScriptingTraits (0ms)
			SetupTypeCache (183ms)
			ReleaseScriptCaches (0ms)
			RebuildScriptCaches (43ms)
			SetupLoadedEditorAssemblies (1556ms)
				LogAssemblyErrors (0ms)
				InitializePlatformSupportModulesInManaged (543ms)
				SetLoadedEditorAssemblies (1ms)
				RefreshPlugins (428ms)
				BeforeProcessingInitializeOnLoad (2ms)
				ProcessInitializeOnLoadAttributes (487ms)
				ProcessInitializeOnLoadMethodAttributes (95ms)
				AfterProcessingInitializeOnLoad (0ms)
				EditorAssembliesLoaded (1ms)
			ExecutionOrderSort2 (0ms)
			AwakeInstancesAfterBackupRestoration (0ms)
Platform modules already initialized, skipping
Registering precompiled user dll's ...
Registered in 0.014426 seconds.
Begin MonoManager ReloadAssembly
Symbol file LoadedFromMemory doesn't match image D:\mgr\unity_grafika\zad3\My project\Library\PackageCache\com.unity.visualscripting@1.8.0\Editor\VisualScripting.Core\Dependencies\YamlDotNet\Unity.VisualScripting.YamlDotNet.dll
Symbol file LoadedFromMemory doesn't match image D:\mgr\unity_grafika\zad3\My project\Library\PackageCache\com.unity.visualscripting@1.8.0\Editor\VisualScripting.Core\Dependencies\DotNetZip\Unity.VisualScripting.IonicZip.dll
Native extension for WindowsStandalone target not found
Native extension for Android target not found
Refreshing native plugins compatible for Editor in 184.46 ms, found 3 plugins.
Preloading 0 native plugins for Editor in 0.00 ms.
Mono: successfully reloaded assembly
- Completed reload, in  2.352 seconds
Domain Reload Profiling:
	ReloadAssembly (2353ms)
		BeginReloadAssembly (206ms)
			ExecutionOrderSort (0ms)
			DisableScriptedObjects (9ms)
			BackupInstance (0ms)
			ReleaseScriptingObjects (0ms)
			CreateAndSetChildDomain (32ms)
		EndReloadAssembly (1954ms)
			LoadAssemblies (231ms)
			RebuildTransferFunctionScriptingTraits (0ms)
			SetupTypeCache (511ms)
			ReleaseScriptCaches (1ms)
			RebuildScriptCaches (108ms)
			SetupLoadedEditorAssemblies (1032ms)
				LogAssemblyErrors (0ms)
				InitializePlatformSupportModulesInManaged (22ms)
				SetLoadedEditorAssemblies (0ms)
				RefreshPlugins (185ms)
				BeforeProcessingInitializeOnLoad (223ms)
				ProcessInitializeOnLoadAttributes (445ms)
				ProcessInitializeOnLoadMethodAttributes (149ms)
				AfterProcessingInitializeOnLoad (8ms)
				EditorAssembliesLoaded (0ms)
			ExecutionOrderSort2 (0ms)
			AwakeInstancesAfterBackupRestoration (21ms)
Platform modules already initialized, skipping
========================================================================
Worker process is ready to serve import requests
Launched and connected shader compiler UnityShaderCompiler.exe after 0.09 seconds
Refreshing native plugins compatible for Editor in 1.16 ms, found 3 plugins.
Preloading 0 native plugins for Editor in 0.00 ms.
Unloading 5309 Unused Serialized files (Serialized files now loaded: 0)
Unloading 49 unused Assets / (0.8 MB). Loaded Objects now: 5787.
Memory consumption went from 224.5 MB to 223.7 MB.
Total: 6.148900 ms (FindLiveObjects: 0.457600 ms CreateObjectMapping: 0.874600 ms MarkObjects: 4.424700 ms  DeleteObjects: 0.390200 ms)

AssetImportParameters requested are different than current active one (requested -> active):
  custom:video-decoder-ogg-theora: a1e56fd34408186e4bbccfd4996cb3dc -> 
  custom:container-muxer-webm: aa71ff27fc2769a1b78a27578f13a17b -> 
  custom:container-demuxer-webm: 4f35f7cbe854078d1ac9338744f61a02 -> 
  custom:video-encoder-webm-vp8: eb34c28f22e8b96e1ab97ce403110664 -> 
  custom:video-codec-MediaFoundation-h265: 746d11721c4dcdbdad8f713fa42b33f4 -> 
  custom:audio-encoder-webm-vorbis: bf7c407c2cedff20999df2af8eb42d56 -> 
  custom:framework-win-MediaFoundation: 216162199b28c13a410421893ffa2e32 -> 
  custom:container-demuxer-ogg: 62fdf1f143b41e24485cea50d1cbac27 -> 
  custom:video-decoder-webm-vp8: 9c59270c3fd7afecdb556c50c9e8de78 -> 
  custom:audio-decoder-ogg-vorbis: bf7c407c2cedff20999df2af8eb42d56 -> 
========================================================================
Received Import Request.
  Time since last request: 6925.485967 seconds.
  path: Assets/zad6
  artifactKey: Guid(4e99897b94246a940b1780e59f2aa27d) Importer(815301076,1909f56bfc062723c751e8b465ee728b)
Start importing Assets/zad6 using Guid(4e99897b94246a940b1780e59f2aa27d) Importer(815301076,1909f56bfc062723c751e8b465ee728b)  -> (artifact id: 'de19d45dcf9924dcc85124b4f0675aa4') in 0.016720 seconds 
========================================================================
Received Import Request.
  Time since last request: 39.870753 seconds.
  path: Assets/zad6/Scenes
  artifactKey: Guid(aa4ccb25aed4f6a479b199133729b399) Importer(815301076,1909f56bfc062723c751e8b465ee728b)
Start importing Assets/zad6/Scenes using Guid(aa4ccb25aed4f6a479b199133729b399) Importer(815301076,1909f56bfc062723c751e8b465ee728b)  -> (artifact id: '1447c5f1ca3446b5e2cb39c3c2a7269a') in 0.095894 seconds 
========================================================================
Received Import Request.
  Time since last request: 3.021741 seconds.
  path: Assets/zad6/Scenes/MainScene.unity
  artifactKey: Guid(ba2d0450afbd7be4093a07218c05d130) Importer(815301076,1909f56bfc062723c751e8b465ee728b)
Start importing Assets/zad6/Scenes/MainScene.unity using Guid(ba2d0450afbd7be4093a07218c05d130) Importer(815301076,1909f56bfc062723c751e8b465ee728b)  -> (artifact id: '7e73b164f471d0e994041e7434f0a318') in 0.011556 seconds 
========================================================================
Received Prepare
Registering precompiled user dll's ...
Registered in 0.015174 seconds.
Begin MonoManager ReloadAssembly
Symbol file LoadedFromMemory doesn't match image D:\mgr\unity_grafika\zad3\My project\Library\PackageCache\com.unity.visualscripting@1.8.0\Editor\VisualScripting.Core\Dependencies\YamlDotNet\Unity.VisualScripting.YamlDotNet.dll
Symbol file LoadedFromMemory doesn't match image D:\mgr\unity_grafika\zad3\My project\Library\PackageCache\com.unity.visualscripting@1.8.0\Editor\VisualScripting.Core\Dependencies\DotNetZip\Unity.VisualScripting.IonicZip.dll
Native extension for WindowsStandalone target not found
Native extension for Android target not found
Refreshing native plugins compatible for Editor in 1.19 ms, found 3 plugins.
Preloading 0 native plugins for Editor in 0.00 ms.
[ScriptCompilation] NOT recompiling all scripts because this is an import worker process. Reason to compile was: Define symbols changed
System.ArgumentException: There is no a valid NamedBuildTarget for BuildTargetGroup 'PSM'
  at UnityEditor.Build.NamedBuildTarget.FromBuildTargetGroup (UnityEditor.BuildTargetGroup buildTargetGroup) [0x0014e] in <6e08e61cfda04255b3972ba7f0515fae>:0 
  at UnityEditor.PlayerSettings.GetScriptingDefineSymbolsForGroup (UnityEditor.BuildTargetGroup targetGroup) [0x00000] in <6e08e61cfda04255b3972ba7f0515fae>:0 
  at UnityStandardAssets.CrossPlatformInput.Inspector.CrossPlatformInitialize.GetDefinesList (UnityEditor.BuildTargetGroup group) [0x00000] in D:\mgr\unity_grafika\zad3\My project\Assets\zad6\Standard Assets\Editor\CrossPlatformInput\CrossPlatformInputInitialize.cs:135 
  at UnityStandardAssets.CrossPlatformInput.Inspector.CrossPlatformInitialize.SetEnabled (System.String defineName, System.Boolean enable, System.Boolean mobile) [0x00018] in D:\mgr\unity_grafika\zad3\My project\Assets\zad6\Standard Assets\Editor\CrossPlatformInput\CrossPlatformInputInitialize.cs:107 
  at UnityStandardAssets.CrossPlatformInput.Inspector.CrossPlatformInitialize..cctor () [0x00050] in D:\mgr\unity_grafika\zad3\My project\Assets\zad6\Standard Assets\Editor\CrossPlatformInput\CrossPlatformInputInitialize.cs:22 
UnityEngine.StackTraceUtility:ExtractStackTrace ()
UnityEngine.DebugLogHandler:LogFormat (UnityEngine.LogType,UnityEngine.Object,string,object[])
UnityEngine.Logger:Log (UnityEngine.LogType,object)
UnityEngine.Debug:LogError (object)
UnityEditor.EditorAssemblies:ProcessInitializeOnLoadAttributes (System.Type[])

Mono: successfully reloaded assembly
- Completed reload, in  2.049 seconds
Domain Reload Profiling:
	ReloadAssembly (2050ms)
		BeginReloadAssembly (263ms)
			ExecutionOrderSort (0ms)
			DisableScriptedObjects (6ms)
			BackupInstance (0ms)
			ReleaseScriptingObjects (0ms)
			CreateAndSetChildDomain (67ms)
		EndReloadAssembly (1657ms)
			LoadAssemblies (219ms)
			RebuildTransferFunctionScriptingTraits (0ms)
			SetupTypeCache (561ms)
			ReleaseScriptCaches (2ms)
			RebuildScriptCaches (65ms)
			SetupLoadedEditorAssemblies (792ms)
				LogAssemblyErrors (0ms)
				InitializePlatformSupportModulesInManaged (20ms)
				SetLoadedEditorAssemblies (1ms)
				RefreshPlugins (1ms)
				BeforeProcessingInitializeOnLoad (111ms)
				ProcessInitializeOnLoadAttributes (493ms)
				ProcessInitializeOnLoadMethodAttributes (161ms)
				AfterProcessingInitializeOnLoad (5ms)
				EditorAssembliesLoaded (1ms)
			ExecutionOrderSort2 (0ms)
			AwakeInstancesAfterBackupRestoration (12ms)
Platform modules already initialized, skipping
Refreshing native plugins compatible for Editor in 3.46 ms, found 3 plugins.
Preloading 0 native plugins for Editor in 0.00 ms.
Unloading 5243 Unused Serialized files (Serialized files now loaded: 0)
Unloading 30 unused Assets / (0.8 MB). Loaded Objects now: 5812.
Memory consumption went from 217.5 MB to 216.7 MB.
Total: 6.325200 ms (FindLiveObjects: 0.709000 ms CreateObjectMapping: 1.257000 ms MarkObjects: 3.846600 ms  DeleteObjects: 0.511200 ms)

AssetImportParameters requested are different than current active one (requested -> active):
  custom:video-decoder-ogg-theora: a1e56fd34408186e4bbccfd4996cb3dc -> 
  custom:container-muxer-webm: aa71ff27fc2769a1b78a27578f13a17b -> 
  custom:container-demuxer-webm: 4f35f7cbe854078d1ac9338744f61a02 -> 
  custom:video-encoder-webm-vp8: eb34c28f22e8b96e1ab97ce403110664 -> 
  custom:video-codec-MediaFoundation-h265: 746d11721c4dcdbdad8f713fa42b33f4 -> 
  custom:audio-encoder-webm-vorbis: bf7c407c2cedff20999df2af8eb42d56 -> 
  custom:framework-win-MediaFoundation: 216162199b28c13a410421893ffa2e32 -> 
  custom:container-demuxer-ogg: 62fdf1f143b41e24485cea50d1cbac27 -> 
  custom:video-decoder-webm-vp8: 9c59270c3fd7afecdb556c50c9e8de78 -> 
  custom:audio-decoder-ogg-vorbis: bf7c407c2cedff20999df2af8eb42d56 -> 
========================================================================
Received Prepare
Registering precompiled user dll's ...
Registered in 0.011533 seconds.
Begin MonoManager ReloadAssembly
Symbol file LoadedFromMemory doesn't match image D:\mgr\unity_grafika\zad3\My project\Library\PackageCache\com.unity.visualscripting@1.8.0\Editor\VisualScripting.Core\Dependencies\YamlDotNet\Unity.VisualScripting.YamlDotNet.dll
Symbol file LoadedFromMemory doesn't match image D:\mgr\unity_grafika\zad3\My project\Library\PackageCache\com.unity.visualscripting@1.8.0\Editor\VisualScripting.Core\Dependencies\DotNetZip\Unity.VisualScripting.IonicZip.dll
Native extension for WindowsStandalone target not found
Native extension for Android target not found
Refreshing native plugins compatible for Editor in 1.52 ms, found 3 plugins.
Preloading 0 native plugins for Editor in 0.00 ms.
[ScriptCompilation] NOT recompiling all scripts because this is an import worker process. Reason to compile was: Define symbols changed
System.ArgumentException: There is no a valid NamedBuildTarget for BuildTargetGroup 'PSM'
  at UnityEditor.Build.NamedBuildTarget.FromBuildTargetGroup (UnityEditor.BuildTargetGroup buildTargetGroup) [0x0014e] in <6e08e61cfda04255b3972ba7f0515fae>:0 
  at UnityEditor.PlayerSettings.GetScriptingDefineSymbolsForGroup (UnityEditor.BuildTargetGroup targetGroup) [0x00000] in <6e08e61cfda04255b3972ba7f0515fae>:0 
  at UnityStandardAssets.CrossPlatformInput.Inspector.CrossPlatformInitialize.GetDefinesList (UnityEditor.BuildTargetGroup group) [0x00000] in D:\mgr\unity_grafika\zad3\My project\Assets\zad6\Standard Assets\Editor\CrossPlatformInput\CrossPlatformInputInitialize.cs:135 
  at UnityStandardAssets.CrossPlatformInput.Inspector.CrossPlatformInitialize.SetEnabled (System.String defineName, System.Boolean enable, System.Boolean mobile) [0x00018] in D:\mgr\unity_grafika\zad3\My project\Assets\zad6\Standard Assets\Editor\CrossPlatformInput\CrossPlatformInputInitialize.cs:107 
  at UnityStandardAssets.CrossPlatformInput.Inspector.CrossPlatformInitialize..cctor () [0x00050] in D:\mgr\unity_grafika\zad3\My project\Assets\zad6\Standard Assets\Editor\CrossPlatformInput\CrossPlatformInputInitialize.cs:22 
UnityEngine.StackTraceUtility:ExtractStackTrace ()
UnityEngine.DebugLogHandler:LogFormat (UnityEngine.LogType,UnityEngine.Object,string,object[])
UnityEngine.Logger:Log (UnityEngine.LogType,object)
UnityEngine.Debug:LogError (object)
UnityEditor.EditorAssemblies:ProcessInitializeOnLoadAttributes (System.Type[])

Mono: successfully reloaded assembly
- Completed reload, in  3.232 seconds
Domain Reload Profiling:
	ReloadAssembly (3238ms)
		BeginReloadAssembly (477ms)
			ExecutionOrderSort (0ms)
			DisableScriptedObjects (13ms)
			BackupInstance (0ms)
			ReleaseScriptingObjects (0ms)
			CreateAndSetChildDomain (126ms)
		EndReloadAssembly (2494ms)
			LoadAssemblies (470ms)
			RebuildTransferFunctionScriptingTraits (0ms)
			SetupTypeCache (926ms)
			ReleaseScriptCaches (4ms)
			RebuildScriptCaches (139ms)
			SetupLoadedEditorAssemblies (920ms)
				LogAssemblyErrors (0ms)
				InitializePlatformSupportModulesInManaged (45ms)
				SetLoadedEditorAssemblies (1ms)
				RefreshPlugins (2ms)
				BeforeProcessingInitializeOnLoad (178ms)
				ProcessInitializeOnLoadAttributes (542ms)
				ProcessInitializeOnLoadMethodAttributes (145ms)
				AfterProcessingInitializeOnLoad (8ms)
				EditorAssembliesLoaded (0ms)
			ExecutionOrderSort2 (0ms)
			AwakeInstancesAfterBackupRestoration (17ms)
Platform modules already initialized, skipping
Refreshing native plugins compatible for Editor in 3.06 ms, found 3 plugins.
Preloading 0 native plugins for Editor in 0.00 ms.
Unloading 5243 Unused Serialized files (Serialized files now loaded: 0)
Unloading 28 unused Assets / (0.8 MB). Loaded Objects now: 5827.
Memory consumption went from 217.5 MB to 216.7 MB.
Total: 5.154200 ms (FindLiveObjects: 0.440000 ms CreateObjectMapping: 0.394700 ms MarkObjects: 3.913100 ms  DeleteObjects: 0.405000 ms)

AssetImportParameters requested are different than current active one (requested -> active):
  custom:video-decoder-ogg-theora: a1e56fd34408186e4bbccfd4996cb3dc -> 
  custom:container-muxer-webm: aa71ff27fc2769a1b78a27578f13a17b -> 
  custom:container-demuxer-webm: 4f35f7cbe854078d1ac9338744f61a02 -> 
  custom:video-encoder-webm-vp8: eb34c28f22e8b96e1ab97ce403110664 -> 
  custom:video-codec-MediaFoundation-h265: 746d11721c4dcdbdad8f713fa42b33f4 -> 
  custom:audio-encoder-webm-vorbis: bf7c407c2cedff20999df2af8eb42d56 -> 
  custom:framework-win-MediaFoundation: 216162199b28c13a410421893ffa2e32 -> 
  custom:container-demuxer-ogg: 62fdf1f143b41e24485cea50d1cbac27 -> 
  custom:video-decoder-webm-vp8: 9c59270c3fd7afecdb556c50c9e8de78 -> 
  custom:audio-decoder-ogg-vorbis: bf7c407c2cedff20999df2af8eb42d56 -> 
========================================================================
Received Prepare
Registering precompiled user dll's ...
Registered in 0.012396 seconds.
Begin MonoManager ReloadAssembly
Symbol file LoadedFromMemory doesn't match image D:\mgr\unity_grafika\zad3\My project\Library\PackageCache\com.unity.visualscripting@1.8.0\Editor\VisualScripting.Core\Dependencies\YamlDotNet\Unity.VisualScripting.YamlDotNet.dll
Symbol file LoadedFromMemory doesn't match image D:\mgr\unity_grafika\zad3\My project\Library\PackageCache\com.unity.visualscripting@1.8.0\Editor\VisualScripting.Core\Dependencies\DotNetZip\Unity.VisualScripting.IonicZip.dll
Native extension for WindowsStandalone target not found
Native extension for Android target not found
Refreshing native plugins compatible for Editor in 1.66 ms, found 3 plugins.
Preloading 0 native plugins for Editor in 0.00 ms.
[ScriptCompilation] NOT recompiling all scripts because this is an import worker process. Reason to compile was: Define symbols changed
System.ArgumentException: There is no a valid NamedBuildTarget for BuildTargetGroup 'PSM'
  at UnityEditor.Build.NamedBuildTarget.FromBuildTargetGroup (UnityEditor.BuildTargetGroup buildTargetGroup) [0x0014e] in <6e08e61cfda04255b3972ba7f0515fae>:0 
  at UnityEditor.PlayerSettings.GetScriptingDefineSymbolsForGroup (UnityEditor.BuildTargetGroup targetGroup) [0x00000] in <6e08e61cfda04255b3972ba7f0515fae>:0 
  at UnityStandardAssets.CrossPlatformInput.Inspector.CrossPlatformInitialize.GetDefinesList (UnityEditor.BuildTargetGroup group) [0x00000] in D:\mgr\unity_grafika\zad3\My project\Assets\zad6\Standard Assets\Editor\CrossPlatformInput\CrossPlatformInputInitialize.cs:135 
  at UnityStandardAssets.CrossPlatformInput.Inspector.CrossPlatformInitialize.SetEnabled (System.String defineName, System.Boolean enable, System.Boolean mobile) [0x00018] in D:\mgr\unity_grafika\zad3\My project\Assets\zad6\Standard Assets\Editor\CrossPlatformInput\CrossPlatformInputInitialize.cs:107 
  at UnityStandardAssets.CrossPlatformInput.Inspector.CrossPlatformInitialize..cctor () [0x00050] in D:\mgr\unity_grafika\zad3\My project\Assets\zad6\Standard Assets\Editor\CrossPlatformInput\CrossPlatformInputInitialize.cs:22 
UnityEngine.StackTraceUtility:ExtractStackTrace ()
UnityEngine.DebugLogHandler:LogFormat (UnityEngine.LogType,UnityEngine.Object,string,object[])
UnityEngine.Logger:Log (UnityEngine.LogType,object)
UnityEngine.Debug:LogError (object)
UnityEditor.EditorAssemblies:ProcessInitializeOnLoadAttributes (System.Type[])

Mono: successfully reloaded assembly
- Completed reload, in  3.251 seconds
Domain Reload Profiling:
	ReloadAssembly (3252ms)
		BeginReloadAssembly (392ms)
			ExecutionOrderSort (0ms)
			DisableScriptedObjects (11ms)
			BackupInstance (0ms)
			ReleaseScriptingObjects (1ms)
			CreateAndSetChildDomain (99ms)
		EndReloadAssembly (2635ms)
			LoadAssemblies (363ms)
			RebuildTransferFunctionScriptingTraits (0ms)
			SetupTypeCache (841ms)
			ReleaseScriptCaches (3ms)
			RebuildScriptCaches (127ms)
			SetupLoadedEditorAssemblies (1267ms)
				LogAssemblyErrors (0ms)
				InitializePlatformSupportModulesInManaged (39ms)
				SetLoadedEditorAssemblies (1ms)
				RefreshPlugins (2ms)
				BeforeProcessingInitializeOnLoad (173ms)
				ProcessInitializeOnLoadAttributes (802ms)
				ProcessInitializeOnLoadMethodAttributes (244ms)
				AfterProcessingInitializeOnLoad (6ms)
				EditorAssembliesLoaded (1ms)
			ExecutionOrderSort2 (0ms)
			AwakeInstancesAfterBackupRestoration (14ms)
Platform modules already initialized, skipping
Refreshing native plugins compatible for Editor in 5.15 ms, found 3 plugins.
Preloading 0 native plugins for Editor in 0.00 ms.
Unloading 5243 Unused Serialized files (Serialized files now loaded: 0)
Unloading 28 unused Assets / (0.8 MB). Loaded Objects now: 5842.
Memory consumption went from 217.5 MB to 216.7 MB.
Total: 8.040700 ms (FindLiveObjects: 0.527100 ms CreateObjectMapping: 0.527300 ms MarkObjects: 6.332200 ms  DeleteObjects: 0.652700 ms)

AssetImportParameters requested are different than current active one (requested -> active):
  custom:video-decoder-ogg-theora: a1e56fd34408186e4bbccfd4996cb3dc -> 
  custom:container-muxer-webm: aa71ff27fc2769a1b78a27578f13a17b -> 
  custom:container-demuxer-webm: 4f35f7cbe854078d1ac9338744f61a02 -> 
  custom:video-encoder-webm-vp8: eb34c28f22e8b96e1ab97ce403110664 -> 
  custom:video-codec-MediaFoundation-h265: 746d11721c4dcdbdad8f713fa42b33f4 -> 
  custom:audio-encoder-webm-vorbis: bf7c407c2cedff20999df2af8eb42d56 -> 
  custom:framework-win-MediaFoundation: 216162199b28c13a410421893ffa2e32 -> 
  custom:container-demuxer-ogg: 62fdf1f143b41e24485cea50d1cbac27 -> 
  custom:video-decoder-webm-vp8: 9c59270c3fd7afecdb556c50c9e8de78 -> 
  custom:audio-decoder-ogg-vorbis: bf7c407c2cedff20999df2af8eb42d56 -> 
========================================================================
Received Prepare
Registering precompiled user dll's ...
Registered in 0.011503 seconds.
Begin MonoManager ReloadAssembly
Symbol file LoadedFromMemory doesn't match image D:\mgr\unity_grafika\zad3\My project\Library\PackageCache\com.unity.visualscripting@1.8.0\Editor\VisualScripting.Core\Dependencies\YamlDotNet\Unity.VisualScripting.YamlDotNet.dll
Symbol file LoadedFromMemory doesn't match image D:\mgr\unity_grafika\zad3\My project\Library\PackageCache\com.unity.visualscripting@1.8.0\Editor\VisualScripting.Core\Dependencies\DotNetZip\Unity.VisualScripting.IonicZip.dll
Native extension for WindowsStandalone target not found
Native extension for Android target not found
Refreshing native plugins compatible for Editor in 2.57 ms, found 3 plugins.
Preloading 0 native plugins for Editor in 0.00 ms.
[ScriptCompilation] NOT recompiling all scripts because this is an import worker process. Reason to compile was: Define symbols changed
System.ArgumentException: There is no a valid NamedBuildTarget for BuildTargetGroup 'PSM'
  at UnityEditor.Build.NamedBuildTarget.FromBuildTargetGroup (UnityEditor.BuildTargetGroup buildTargetGroup) [0x0014e] in <6e08e61cfda04255b3972ba7f0515fae>:0 
  at UnityEditor.PlayerSettings.GetScriptingDefineSymbolsForGroup (UnityEditor.BuildTargetGroup targetGroup) [0x00000] in <6e08e61cfda04255b3972ba7f0515fae>:0 
  at UnityStandardAssets.CrossPlatformInput.Inspector.CrossPlatformInitialize.GetDefinesList (UnityEditor.BuildTargetGroup group) [0x00000] in D:\mgr\unity_grafika\zad3\My project\Assets\zad6\Standard Assets\Editor\CrossPlatformInput\CrossPlatformInputInitialize.cs:135 
  at UnityStandardAssets.CrossPlatformInput.Inspector.CrossPlatformInitialize.SetEnabled (System.String defineName, System.Boolean enable, System.Boolean mobile) [0x00018] in D:\mgr\unity_grafika\zad3\My project\Assets\zad6\Standard Assets\Editor\CrossPlatformInput\CrossPlatformInputInitialize.cs:107 
  at UnityStandardAssets.CrossPlatformInput.Inspector.CrossPlatformInitialize..cctor () [0x00050] in D:\mgr\unity_grafika\zad3\My project\Assets\zad6\Standard Assets\Editor\CrossPlatformInput\CrossPlatformInputInitialize.cs:22 
UnityEngine.StackTraceUtility:ExtractStackTrace ()
UnityEngine.DebugLogHandler:LogFormat (UnityEngine.LogType,UnityEngine.Object,string,object[])
UnityEngine.Logger:Log (UnityEngine.LogType,object)
UnityEngine.Debug:LogError (object)
UnityEditor.EditorAssemblies:ProcessInitializeOnLoadAttributes (System.Type[])

Mono: successfully reloaded assembly
- Completed reload, in  5.151 seconds
Domain Reload Profiling:
	ReloadAssembly (5152ms)
		BeginReloadAssembly (636ms)
			ExecutionOrderSort (0ms)
			DisableScriptedObjects (34ms)
			BackupInstance (0ms)
			ReleaseScriptingObjects (0ms)
			CreateAndSetChildDomain (142ms)
		EndReloadAssembly (4124ms)
			LoadAssemblies (555ms)
			RebuildTransferFunctionScriptingTraits (1ms)
			SetupTypeCache (1338ms)
			ReleaseScriptCaches (7ms)
			RebuildScriptCaches (204ms)
			SetupLoadedEditorAssemblies (1863ms)
				LogAssemblyErrors (0ms)
				InitializePlatformSupportModulesInManaged (75ms)
				SetLoadedEditorAssemblies (2ms)
				RefreshPlugins (3ms)
				BeforeProcessingInitializeOnLoad (270ms)
				ProcessInitializeOnLoadAttributes (1193ms)
				ProcessInitializeOnLoadMethodAttributes (308ms)
				AfterProcessingInitializeOnLoad (11ms)
				EditorAssembliesLoaded (2ms)
			ExecutionOrderSort2 (0ms)
			AwakeInstancesAfterBackupRestoration (29ms)
Platform modules already initialized, skipping
Refreshing native plugins compatible for Editor in 3.89 ms, found 3 plugins.
Preloading 0 native plugins for Editor in 0.00 ms.
Unloading 5243 Unused Serialized files (Serialized files now loaded: 0)
Unloading 28 unused Assets / (0.8 MB). Loaded Objects now: 5857.
Memory consumption went from 217.5 MB to 216.8 MB.
Total: 9.035200 ms (FindLiveObjects: 0.655900 ms CreateObjectMapping: 0.759500 ms MarkObjects: 6.043400 ms  DeleteObjects: 1.574700 ms)

AssetImportParameters requested are different than current active one (requested -> active):
  custom:video-decoder-ogg-theora: a1e56fd34408186e4bbccfd4996cb3dc -> 
  custom:container-muxer-webm: aa71ff27fc2769a1b78a27578f13a17b -> 
  custom:container-demuxer-webm: 4f35f7cbe854078d1ac9338744f61a02 -> 
  custom:video-encoder-webm-vp8: eb34c28f22e8b96e1ab97ce403110664 -> 
  custom:video-codec-MediaFoundation-h265: 746d11721c4dcdbdad8f713fa42b33f4 -> 
  custom:audio-encoder-webm-vorbis: bf7c407c2cedff20999df2af8eb42d56 -> 
  custom:framework-win-MediaFoundation: 216162199b28c13a410421893ffa2e32 -> 
  custom:container-demuxer-ogg: 62fdf1f143b41e24485cea50d1cbac27 -> 
  custom:video-decoder-webm-vp8: 9c59270c3fd7afecdb556c50c9e8de78 -> 
  custom:audio-decoder-ogg-vorbis: bf7c407c2cedff20999df2af8eb42d56 -> 
========================================================================
Received Prepare
Registering precompiled user dll's ...
Registered in 0.010100 seconds.
Begin MonoManager ReloadAssembly
Symbol file LoadedFromMemory doesn't match image D:\mgr\unity_grafika\zad3\My project\Library\PackageCache\com.unity.visualscripting@1.8.0\Editor\VisualScripting.Core\Dependencies\YamlDotNet\Unity.VisualScripting.YamlDotNet.dll
Symbol file LoadedFromMemory doesn't match image D:\mgr\unity_grafika\zad3\My project\Library\PackageCache\com.unity.visualscripting@1.8.0\Editor\VisualScripting.Core\Dependencies\DotNetZip\Unity.VisualScripting.IonicZip.dll
Native extension for WindowsStandalone target not found
Native extension for Android target not found
Refreshing native plugins compatible for Editor in 1.14 ms, found 3 plugins.
Preloading 0 native plugins for Editor in 0.00 ms.
[ScriptCompilation] NOT recompiling all scripts because this is an import worker process. Reason to compile was: Define symbols changed
System.ArgumentException: There is no a valid NamedBuildTarget for BuildTargetGroup 'PSM'
  at UnityEditor.Build.NamedBuildTarget.FromBuildTargetGroup (UnityEditor.BuildTargetGroup buildTargetGroup) [0x0014e] in <6e08e61cfda04255b3972ba7f0515fae>:0 
  at UnityEditor.PlayerSettings.GetScriptingDefineSymbolsForGroup (UnityEditor.BuildTargetGroup targetGroup) [0x00000] in <6e08e61cfda04255b3972ba7f0515fae>:0 
  at UnityStandardAssets.CrossPlatformInput.Inspector.CrossPlatformInitialize.GetDefinesList (UnityEditor.BuildTargetGroup group) [0x00000] in D:\mgr\unity_grafika\zad3\My project\Assets\zad6\Standard Assets\Editor\CrossPlatformInput\CrossPlatformInputInitialize.cs:135 
  at UnityStandardAssets.CrossPlatformInput.Inspector.CrossPlatformInitialize.SetEnabled (System.String defineName, System.Boolean enable, System.Boolean mobile) [0x00018] in D:\mgr\unity_grafika\zad3\My project\Assets\zad6\Standard Assets\Editor\CrossPlatformInput\CrossPlatformInputInitialize.cs:107 
  at UnityStandardAssets.CrossPlatformInput.Inspector.CrossPlatformInitialize..cctor () [0x00050] in D:\mgr\unity_grafika\zad3\My project\Assets\zad6\Standard Assets\Editor\CrossPlatformInput\CrossPlatformInputInitialize.cs:22 
UnityEngine.StackTraceUtility:ExtractStackTrace ()
UnityEngine.DebugLogHandler:LogFormat (UnityEngine.LogType,UnityEngine.Object,string,object[])
UnityEngine.Logger:Log (UnityEngine.LogType,object)
UnityEngine.Debug:LogError (object)
UnityEditor.EditorAssemblies:ProcessInitializeOnLoadAttributes (System.Type[])

Mono: successfully reloaded assembly
- Completed reload, in  2.919 seconds
Domain Reload Profiling:
	ReloadAssembly (2920ms)
		BeginReloadAssembly (388ms)
			ExecutionOrderSort (0ms)
			DisableScriptedObjects (9ms)
			BackupInstance (0ms)
			ReleaseScriptingObjects (0ms)
			CreateAndSetChildDomain (86ms)
		EndReloadAssembly (2335ms)
			LoadAssemblies (387ms)
			RebuildTransferFunctionScriptingTraits (0ms)
			SetupTypeCache (684ms)
			ReleaseScriptCaches (4ms)
			RebuildScriptCaches (136ms)
			SetupLoadedEditorAssemblies (1083ms)
				LogAssemblyErrors (0ms)
				InitializePlatformSupportModulesInManaged (33ms)
				SetLoadedEditorAssemblies (1ms)
				RefreshPlugins (1ms)
				BeforeProcessingInitializeOnLoad (159ms)
				ProcessInitializeOnLoadAttributes (706ms)
				ProcessInitializeOnLoadMethodAttributes (177ms)
				AfterProcessingInitializeOnLoad (6ms)
				EditorAssembliesLoaded (0ms)
			ExecutionOrderSort2 (0ms)
			AwakeInstancesAfterBackupRestoration (14ms)
Platform modules already initialized, skipping
Refreshing native plugins compatible for Editor in 2.61 ms, found 3 plugins.
Preloading 0 native plugins for Editor in 0.00 ms.
Unloading 5243 Unused Serialized files (Serialized files now loaded: 0)
Unloading 28 unused Assets / (0.8 MB). Loaded Objects now: 5872.
Memory consumption went from 217.5 MB to 216.8 MB.
Total: 6.066700 ms (FindLiveObjects: 0.462200 ms CreateObjectMapping: 0.371900 ms MarkObjects: 4.570200 ms  DeleteObjects: 0.660900 ms)

AssetImportParameters requested are different than current active one (requested -> active):
  custom:video-decoder-ogg-theora: a1e56fd34408186e4bbccfd4996cb3dc -> 
  custom:container-muxer-webm: aa71ff27fc2769a1b78a27578f13a17b -> 
  custom:container-demuxer-webm: 4f35f7cbe854078d1ac9338744f61a02 -> 
  custom:video-encoder-webm-vp8: eb34c28f22e8b96e1ab97ce403110664 -> 
  custom:video-codec-MediaFoundation-h265: 746d11721c4dcdbdad8f713fa42b33f4 -> 
  custom:audio-encoder-webm-vorbis: bf7c407c2cedff20999df2af8eb42d56 -> 
  custom:framework-win-MediaFoundation: 216162199b28c13a410421893ffa2e32 -> 
  custom:container-demuxer-ogg: 62fdf1f143b41e24485cea50d1cbac27 -> 
  custom:video-decoder-webm-vp8: 9c59270c3fd7afecdb556c50c9e8de78 -> 
  custom:audio-decoder-ogg-vorbis: bf7c407c2cedff20999df2af8eb42d56 -> 
========================================================================
Received Prepare
Registering precompiled user dll's ...
Registered in 0.011975 seconds.
Begin MonoManager ReloadAssembly
Symbol file LoadedFromMemory doesn't match image D:\mgr\unity_grafika\zad3\My project\Library\PackageCache\com.unity.visualscripting@1.8.0\Editor\VisualScripting.Core\Dependencies\YamlDotNet\Unity.VisualScripting.YamlDotNet.dll
Symbol file LoadedFromMemory doesn't match image D:\mgr\unity_grafika\zad3\My project\Library\PackageCache\com.unity.visualscripting@1.8.0\Editor\VisualScripting.Core\Dependencies\DotNetZip\Unity.VisualScripting.IonicZip.dll
Native extension for WindowsStandalone target not found
Native extension for Android target not found
Refreshing native plugins compatible for Editor in 1.37 ms, found 3 plugins.
Preloading 0 native plugins for Editor in 0.00 ms.
[ScriptCompilation] NOT recompiling all scripts because this is an import worker process. Reason to compile was: Define symbols changed
System.ArgumentException: There is no a valid NamedBuildTarget for BuildTargetGroup 'PSM'
  at UnityEditor.Build.NamedBuildTarget.FromBuildTargetGroup (UnityEditor.BuildTargetGroup buildTargetGroup) [0x0014e] in <6e08e61cfda04255b3972ba7f0515fae>:0 
  at UnityEditor.PlayerSettings.GetScriptingDefineSymbolsForGroup (UnityEditor.BuildTargetGroup targetGroup) [0x00000] in <6e08e61cfda04255b3972ba7f0515fae>:0 
  at UnityStandardAssets.CrossPlatformInput.Inspector.CrossPlatformInitialize.GetDefinesList (UnityEditor.BuildTargetGroup group) [0x00000] in D:\mgr\unity_grafika\zad3\My project\Assets\zad6\Standard Assets\Editor\CrossPlatformInput\CrossPlatformInputInitialize.cs:135 
  at UnityStandardAssets.CrossPlatformInput.Inspector.CrossPlatformInitialize.SetEnabled (System.String defineName, System.Boolean enable, System.Boolean mobile) [0x00018] in D:\mgr\unity_grafika\zad3\My project\Assets\zad6\Standard Assets\Editor\CrossPlatformInput\CrossPlatformInputInitialize.cs:107 
  at UnityStandardAssets.CrossPlatformInput.Inspector.CrossPlatformInitialize..cctor () [0x00050] in D:\mgr\unity_grafika\zad3\My project\Assets\zad6\Standard Assets\Editor\CrossPlatformInput\CrossPlatformInputInitialize.cs:22 
UnityEngine.StackTraceUtility:ExtractStackTrace ()
UnityEngine.DebugLogHandler:LogFormat (UnityEngine.LogType,UnityEngine.Object,string,object[])
UnityEngine.Logger:Log (UnityEngine.LogType,object)
UnityEngine.Debug:LogError (object)
UnityEditor.EditorAssemblies:ProcessInitializeOnLoadAttributes (System.Type[])

Mono: successfully reloaded assembly
- Completed reload, in  3.132 seconds
Domain Reload Profiling:
	ReloadAssembly (3134ms)
		BeginReloadAssembly (399ms)
			ExecutionOrderSort (0ms)
			DisableScriptedObjects (15ms)
			BackupInstance (0ms)
			ReleaseScriptingObjects (0ms)
			CreateAndSetChildDomain (103ms)
		EndReloadAssembly (2521ms)
			LoadAssemblies (348ms)
			RebuildTransferFunctionScriptingTraits (0ms)
			SetupTypeCache (817ms)
			ReleaseScriptCaches (4ms)
			RebuildScriptCaches (120ms)
			SetupLoadedEditorAssemblies (1201ms)
				LogAssemblyErrors (0ms)
				InitializePlatformSupportModulesInManaged (41ms)
				SetLoadedEditorAssemblies (2ms)
				RefreshPlugins (1ms)
				BeforeProcessingInitializeOnLoad (165ms)
				ProcessInitializeOnLoadAttributes (763ms)
				ProcessInitializeOnLoadMethodAttributes (222ms)
				AfterProcessingInitializeOnLoad (7ms)
				EditorAssembliesLoaded (0ms)
			ExecutionOrderSort2 (0ms)
			AwakeInstancesAfterBackupRestoration (16ms)
Platform modules already initialized, skipping
Refreshing native plugins compatible for Editor in 3.81 ms, found 3 plugins.
Preloading 0 native plugins for Editor in 0.00 ms.
Unloading 5243 Unused Serialized files (Serialized files now loaded: 0)
Unloading 28 unused Assets / (0.8 MB). Loaded Objects now: 5887.
Memory consumption went from 217.6 MB to 216.8 MB.
Total: 7.602700 ms (FindLiveObjects: 0.622000 ms CreateObjectMapping: 0.787800 ms MarkObjects: 5.399200 ms  DeleteObjects: 0.792200 ms)

AssetImportParameters requested are different than current active one (requested -> active):
  custom:video-decoder-ogg-theora: a1e56fd34408186e4bbccfd4996cb3dc -> 
  custom:container-muxer-webm: aa71ff27fc2769a1b78a27578f13a17b -> 
  custom:container-demuxer-webm: 4f35f7cbe854078d1ac9338744f61a02 -> 
  custom:video-encoder-webm-vp8: eb34c28f22e8b96e1ab97ce403110664 -> 
  custom:video-codec-MediaFoundation-h265: 746d11721c4dcdbdad8f713fa42b33f4 -> 
  custom:audio-encoder-webm-vorbis: bf7c407c2cedff20999df2af8eb42d56 -> 
  custom:framework-win-MediaFoundation: 216162199b28c13a410421893ffa2e32 -> 
  custom:container-demuxer-ogg: 62fdf1f143b41e24485cea50d1cbac27 -> 
  custom:video-decoder-webm-vp8: 9c59270c3fd7afecdb556c50c9e8de78 -> 
  custom:audio-decoder-ogg-vorbis: bf7c407c2cedff20999df2af8eb42d56 -> 
========================================================================
Received Prepare
Registering precompiled user dll's ...
Registered in 0.014128 seconds.
Begin MonoManager ReloadAssembly
Symbol file LoadedFromMemory doesn't match image D:\mgr\unity_grafika\zad3\My project\Library\PackageCache\com.unity.visualscripting@1.8.0\Editor\VisualScripting.Core\Dependencies\YamlDotNet\Unity.VisualScripting.YamlDotNet.dll
Symbol file LoadedFromMemory doesn't match image D:\mgr\unity_grafika\zad3\My project\Library\PackageCache\com.unity.visualscripting@1.8.0\Editor\VisualScripting.Core\Dependencies\DotNetZip\Unity.VisualScripting.IonicZip.dll
Native extension for WindowsStandalone target not found
Native extension for Android target not found
Refreshing native plugins compatible for Editor in 1.63 ms, found 3 plugins.
Preloading 0 native plugins for Editor in 0.00 ms.
[ScriptCompilation] NOT recompiling all scripts because this is an import worker process. Reason to compile was: Define symbols changed
System.ArgumentException: There is no a valid NamedBuildTarget for BuildTargetGroup 'PSM'
  at UnityEditor.Build.NamedBuildTarget.FromBuildTargetGroup (UnityEditor.BuildTargetGroup buildTargetGroup) [0x0014e] in <6e08e61cfda04255b3972ba7f0515fae>:0 
  at UnityEditor.PlayerSettings.GetScriptingDefineSymbolsForGroup (UnityEditor.BuildTargetGroup targetGroup) [0x00000] in <6e08e61cfda04255b3972ba7f0515fae>:0 
  at UnityStandardAssets.CrossPlatformInput.Inspector.CrossPlatformInitialize.GetDefinesList (UnityEditor.BuildTargetGroup group) [0x00000] in D:\mgr\unity_grafika\zad3\My project\Assets\zad6\Standard Assets\Editor\CrossPlatformInput\CrossPlatformInputInitialize.cs:135 
  at UnityStandardAssets.CrossPlatformInput.Inspector.CrossPlatformInitialize.SetEnabled (System.String defineName, System.Boolean enable, System.Boolean mobile) [0x00018] in D:\mgr\unity_grafika\zad3\My project\Assets\zad6\Standard Assets\Editor\CrossPlatformInput\CrossPlatformInputInitialize.cs:107 
  at UnityStandardAssets.CrossPlatformInput.Inspector.CrossPlatformInitialize..cctor () [0x00050] in D:\mgr\unity_grafika\zad3\My project\Assets\zad6\Standard Assets\Editor\CrossPlatformInput\CrossPlatformInputInitialize.cs:22 
UnityEngine.StackTraceUtility:ExtractStackTrace ()
UnityEngine.DebugLogHandler:LogFormat (UnityEngine.LogType,UnityEngine.Object,string,object[])
UnityEngine.Logger:Log (UnityEngine.LogType,object)
UnityEngine.Debug:LogError (object)
UnityEditor.EditorAssemblies:ProcessInitializeOnLoadAttributes (System.Type[])

Mono: successfully reloaded assembly
- Completed reload, in  3.031 seconds
Domain Reload Profiling:
	ReloadAssembly (3034ms)
		BeginReloadAssembly (422ms)
			ExecutionOrderSort (0ms)
			DisableScriptedObjects (17ms)
			BackupInstance (0ms)
			ReleaseScriptingObjects (0ms)
			CreateAndSetChildDomain (91ms)
		EndReloadAssembly (2405ms)
			LoadAssemblies (362ms)
			RebuildTransferFunctionScriptingTraits (0ms)
			SetupTypeCache (731ms)
			ReleaseScriptCaches (6ms)
			RebuildScriptCaches (172ms)
			SetupLoadedEditorAssemblies (1083ms)
				LogAssemblyErrors (0ms)
				InitializePlatformSupportModulesInManaged (36ms)
				SetLoadedEditorAssemblies (1ms)
				RefreshPlugins (2ms)
				BeforeProcessingInitializeOnLoad (169ms)
				ProcessInitializeOnLoadAttributes (669ms)
				ProcessInitializeOnLoadMethodAttributes (200ms)
				AfterProcessingInitializeOnLoad (7ms)
				EditorAssembliesLoaded (0ms)
			ExecutionOrderSort2 (0ms)
			AwakeInstancesAfterBackupRestoration (15ms)
Platform modules already initialized, skipping
Refreshing native plugins compatible for Editor in 4.90 ms, found 3 plugins.
Preloading 0 native plugins for Editor in 0.00 ms.
Unloading 5243 Unused Serialized files (Serialized files now loaded: 0)
Unloading 28 unused Assets / (0.8 MB). Loaded Objects now: 5902.
Memory consumption went from 217.6 MB to 216.8 MB.
Total: 7.233600 ms (FindLiveObjects: 0.476200 ms CreateObjectMapping: 0.856300 ms MarkObjects: 5.237200 ms  DeleteObjects: 0.662600 ms)

AssetImportParameters requested are different than current active one (requested -> active):
  custom:video-decoder-ogg-theora: a1e56fd34408186e4bbccfd4996cb3dc -> 
  custom:container-muxer-webm: aa71ff27fc2769a1b78a27578f13a17b -> 
  custom:container-demuxer-webm: 4f35f7cbe854078d1ac9338744f61a02 -> 
  custom:video-encoder-webm-vp8: eb34c28f22e8b96e1ab97ce403110664 -> 
  custom:video-codec-MediaFoundation-h265: 746d11721c4dcdbdad8f713fa42b33f4 -> 
  custom:audio-encoder-webm-vorbis: bf7c407c2cedff20999df2af8eb42d56 -> 
  custom:framework-win-MediaFoundation: 216162199b28c13a410421893ffa2e32 -> 
  custom:container-demuxer-ogg: 62fdf1f143b41e24485cea50d1cbac27 -> 
  custom:video-decoder-webm-vp8: 9c59270c3fd7afecdb556c50c9e8de78 -> 
  custom:audio-decoder-ogg-vorbis: bf7c407c2cedff20999df2af8eb42d56 -> 
========================================================================
Received Import Request.
  Time since last request: 1342.262956 seconds.
  path: Assets/zad6/Standard Assets/Characters/ThirdPersonCharacter/Animator/ThirdPersonAnimatorController.controller
  artifactKey: Guid(e2cf68ff4b1ffda45a77f7307dd789b9) Importer(815301076,1909f56bfc062723c751e8b465ee728b)
Start importing Assets/zad6/Standard Assets/Characters/ThirdPersonCharacter/Animator/ThirdPersonAnimatorController.controller using Guid(e2cf68ff4b1ffda45a77f7307dd789b9) Importer(815301076,1909f56bfc062723c751e8b465ee728b)  -> (artifact id: 'c4a16ae784e08fc4771f2e123a1fba18') in 0.164527 seconds 
========================================================================
Received Import Request.
  Time since last request: 67.049341 seconds.
  path: Assets/zad6/Standard Assets/Characters/ThirdPersonCharacter
  artifactKey: Guid(8912f13e18e67bc478684ec30d73bc64) Importer(815301076,1909f56bfc062723c751e8b465ee728b)
Start importing Assets/zad6/Standard Assets/Characters/ThirdPersonCharacter using Guid(8912f13e18e67bc478684ec30d73bc64) Importer(815301076,1909f56bfc062723c751e8b465ee728b)  -> (artifact id: '70f6472c775f9e7414556f8d3c4d5e21') in 0.009014 seconds 
========================================================================
Received Import Request.
  Time since last request: 2.543829 seconds.
  path: Assets/zad6/Standard Assets/Characters
  artifactKey: Guid(8c32f58513a41ef4dab9cb7704c5fb92) Importer(815301076,1909f56bfc062723c751e8b465ee728b)
Start importing Assets/zad6/Standard Assets/Characters using Guid(8c32f58513a41ef4dab9cb7704c5fb92) Importer(815301076,1909f56bfc062723c751e8b465ee728b)  -> (artifact id: '6962ea67b18081565eb34f46815008e6') in 0.008787 seconds 
========================================================================
Received Import Request.
  Time since last request: 2.441220 seconds.
  path: Assets/zad6/Standard Assets/CrossPlatformInput
  artifactKey: Guid(710bc43f80d178548bd226c252c8e65b) Importer(815301076,1909f56bfc062723c751e8b465ee728b)
Start importing Assets/zad6/Standard Assets/CrossPlatformInput using Guid(710bc43f80d178548bd226c252c8e65b) Importer(815301076,1909f56bfc062723c751e8b465ee728b)  -> (artifact id: '74a79bd64342bb7fed58ff0d171d295e') in 0.009482 seconds 
========================================================================
Received Import Request.
  Time since last request: 0.707298 seconds.
  path: Assets/zad6/Standard Assets/CrossPlatformInput/Scripts
  artifactKey: Guid(3f66eeca8ac36914e9ec9a716a9d9f73) Importer(815301076,1909f56bfc062723c751e8b465ee728b)
Start importing Assets/zad6/Standard Assets/CrossPlatformInput/Scripts using Guid(3f66eeca8ac36914e9ec9a716a9d9f73) Importer(815301076,1909f56bfc062723c751e8b465ee728b)  -> (artifact id: '4e665e4aab936768963e1e207e9b8660') in 0.010248 seconds 
========================================================================
Received Import Request.
  Time since last request: 1.777529 seconds.
  path: Assets/zad6/Standard Assets/CrossPlatformInput/Scripts/PlatformSpecific
  artifactKey: Guid(0bc72db1e9dcb9647818df5a07871127) Importer(815301076,1909f56bfc062723c751e8b465ee728b)
Start importing Assets/zad6/Standard Assets/CrossPlatformInput/Scripts/PlatformSpecific using Guid(0bc72db1e9dcb9647818df5a07871127) Importer(815301076,1909f56bfc062723c751e8b465ee728b)  -> (artifact id: '76a25ec7af9db7abc2dd34afa81aaaed') in 0.010374 seconds 
========================================================================
Received Import Request.
  Time since last request: 3.252554 seconds.
  path: Assets/zad6/Standard Assets/Editor
  artifactKey: Guid(8f7308500f322e644817ccfc3e0a17a5) Importer(815301076,1909f56bfc062723c751e8b465ee728b)
Start importing Assets/zad6/Standard Assets/Editor using Guid(8f7308500f322e644817ccfc3e0a17a5) Importer(815301076,1909f56bfc062723c751e8b465ee728b)  -> (artifact id: 'bd374723e7f18e67561ec5ac0dcaa903') in 0.009349 seconds 
========================================================================
Received Import Request.
  Time since last request: 0.683686 seconds.
  path: Assets/zad6/Standard Assets/Editor/CrossPlatformInput
  artifactKey: Guid(696c0e7b8c74e1442acbf15c2df9e72d) Importer(815301076,1909f56bfc062723c751e8b465ee728b)
Start importing Assets/zad6/Standard Assets/Editor/CrossPlatformInput using Guid(696c0e7b8c74e1442acbf15c2df9e72d) Importer(815301076,1909f56bfc062723c751e8b465ee728b)  -> (artifact id: '26c16655d3a4e24092bf29832a33ab71') in 0.004087 seconds 
========================================================================
Received Import Request.
  Time since last request: 5.012336 seconds.
  path: Assets/zad6/Standard Assets/Characters/ThirdPersonCharacter/Animator
  artifactKey: Guid(29486a9cd1773f44f80570b5bd896a1d) Importer(815301076,1909f56bfc062723c751e8b465ee728b)
Start importing Assets/zad6/Standard Assets/Characters/ThirdPersonCharacter/Animator using Guid(29486a9cd1773f44f80570b5bd896a1d) Importer(815301076,1909f56bfc062723c751e8b465ee728b)  -> (artifact id: '614b4be3212d31e2b021cc8fda5c0467') in 0.010111 seconds 
========================================================================
Received Import Request.
  Time since last request: 2.173871 seconds.
  path: Assets/zad6/Standard Assets/Characters/ThirdPersonCharacter/Materials
  artifactKey: Guid(f93df448921b46c45999c77f43856ba2) Importer(815301076,1909f56bfc062723c751e8b465ee728b)
Start importing Assets/zad6/Standard Assets/Characters/ThirdPersonCharacter/Materials using Guid(f93df448921b46c45999c77f43856ba2) Importer(815301076,1909f56bfc062723c751e8b465ee728b)  -> (artifact id: 'cb19937b9891b5cdcc5e1650104a3aed') in 0.009754 seconds 
========================================================================
Received Import Request.
  Time since last request: 0.584969 seconds.
  path: Assets/zad6/Standard Assets/Characters/ThirdPersonCharacter/Models
  artifactKey: Guid(aef224e1951a8274684081643c7fa672) Importer(815301076,1909f56bfc062723c751e8b465ee728b)
Start importing Assets/zad6/Standard Assets/Characters/ThirdPersonCharacter/Models using Guid(aef224e1951a8274684081643c7fa672) Importer(815301076,1909f56bfc062723c751e8b465ee728b)  -> (artifact id: 'c864cdc7da6cef37f3f81fdf31a345de') in 0.010966 seconds 
========================================================================
Received Import Request.
  Time since last request: 0.354253 seconds.
  path: Assets/zad6/Standard Assets/Characters/ThirdPersonCharacter/Scripts
  artifactKey: Guid(3ee9c33ffee000840b0fed14ec400bc9) Importer(815301076,1909f56bfc062723c751e8b465ee728b)
Start importing Assets/zad6/Standard Assets/Characters/ThirdPersonCharacter/Scripts using Guid(3ee9c33ffee000840b0fed14ec400bc9) Importer(815301076,1909f56bfc062723c751e8b465ee728b)  -> (artifact id: '045e20b8d08eb4db99d3e72762634486') in 0.005075 seconds 
========================================================================
Received Import Request.
  Time since last request: 0.341239 seconds.
  path: Assets/zad6/Standard Assets/Characters/ThirdPersonCharacter/Textures
  artifactKey: Guid(0de3730b71e479c47995d4a98395073e) Importer(815301076,1909f56bfc062723c751e8b465ee728b)
Start importing Assets/zad6/Standard Assets/Characters/ThirdPersonCharacter/Textures using Guid(0de3730b71e479c47995d4a98395073e) Importer(815301076,1909f56bfc062723c751e8b465ee728b)  -> (artifact id: 'd41de1539fb70f1bc48e9c5c8dfcb382') in 0.008474 seconds 
========================================================================
Received Import Request.
  Time since last request: 0.518963 seconds.
  path: Assets/zad6/Standard Assets/Characters/ThirdPersonCharacter/Animation
  artifactKey: Guid(eb0e763ded53048dd80e7b78c35ded56) Importer(815301076,1909f56bfc062723c751e8b465ee728b)
Start importing Assets/zad6/Standard Assets/Characters/ThirdPersonCharacter/Animation using Guid(eb0e763ded53048dd80e7b78c35ded56) Importer(815301076,1909f56bfc062723c751e8b465ee728b)  -> (artifact id: '1fa7a74f6ced6cd9db17ace91ae1655f') in 0.008530 seconds 
========================================================================
Received Import Request.
  Time since last request: 4.389227 seconds.
  path: Assets/zad6/TaichiCharacterPack
  artifactKey: Guid(e6c85705a284c4545b90fcd5f5ab60c6) Importer(815301076,1909f56bfc062723c751e8b465ee728b)
Start importing Assets/zad6/TaichiCharacterPack using Guid(e6c85705a284c4545b90fcd5f5ab60c6) Importer(815301076,1909f56bfc062723c751e8b465ee728b)  -> (artifact id: 'e47ec4db3cede8c4eb8ca7c3fb608748') in 0.009647 seconds 
========================================================================
Received Import Request.
  Time since last request: 0.301565 seconds.
  path: Assets/zad6/TaichiCharacterPack/Male3_ShortHair.prefab
  artifactKey: Guid(1fb25b9be51354eb3b54caac7994121e) Importer(815301076,1909f56bfc062723c751e8b465ee728b)
Start importing Assets/zad6/TaichiCharacterPack/Male3_ShortHair.prefab using Guid(1fb25b9be51354eb3b54caac7994121e) Importer(815301076,1909f56bfc062723c751e8b465ee728b)  -> (artifact id: '34719e483cf5bbc31c4d4a6454585d9a') in 0.224292 seconds 
========================================================================
Received Import Request.
  Time since last request: 1.103376 seconds.
  path: Assets/zad6/TaichiCharacterPack/Resources
  artifactKey: Guid(e53acb60c5c53314e9e0d305166c74f7) Importer(815301076,1909f56bfc062723c751e8b465ee728b)
Start importing Assets/zad6/TaichiCharacterPack/Resources using Guid(e53acb60c5c53314e9e0d305166c74f7) Importer(815301076,1909f56bfc062723c751e8b465ee728b)  -> (artifact id: 'e0bf476924fd7b5224dfca8d00168613') in 0.009667 seconds 
========================================================================
Received Import Request.
  Time since last request: 0.597473 seconds.
  path: Assets/zad6/TaichiCharacterPack/Resources/Taichi
  artifactKey: Guid(f492604c5e3c98d4b97612bee395eb7f) Importer(815301076,1909f56bfc062723c751e8b465ee728b)
Start importing Assets/zad6/TaichiCharacterPack/Resources/Taichi using Guid(f492604c5e3c98d4b97612bee395eb7f) Importer(815301076,1909f56bfc062723c751e8b465ee728b)  -> (artifact id: 'fadb68cfd19f5a777581b77272e40c25') in 0.011397 seconds 
========================================================================
Received Import Request.
  Time since last request: 0.522457 seconds.
  path: Assets/zad6/TaichiCharacterPack/Resources/Taichi/Animations Mecanim
  artifactKey: Guid(0f91040752334dc4ca073a5818c7e84a) Importer(815301076,1909f56bfc062723c751e8b465ee728b)
Start importing Assets/zad6/TaichiCharacterPack/Resources/Taichi/Animations Mecanim using Guid(0f91040752334dc4ca073a5818c7e84a) Importer(815301076,1909f56bfc062723c751e8b465ee728b)  -> (artifact id: 'e0daff02ef1bbbe147a2efb445c91374') in 0.011557 seconds 
========================================================================
Received Import Request.
  Time since last request: 0.031207 seconds.
  path: Assets/zad6/TaichiCharacterPack/Resources/Taichi/Animations Mecanim/m01@nod_00.fbx
  artifactKey: Guid(26afbd9fadb566747a317af08053b873) Importer(815301076,1909f56bfc062723c751e8b465ee728b)
Start importing Assets/zad6/TaichiCharacterPack/Resources/Taichi/Animations Mecanim/m01@nod_00.fbx using Guid(26afbd9fadb566747a317af08053b873) Importer(815301076,1909f56bfc062723c751e8b465ee728b)  -> (artifact id: '76972b63a4d4fd7b81b020d053481efd') in 0.069568 seconds 
========================================================================
Received Import Request.
  Time since last request: 0.000033 seconds.
  path: Assets/zad6/TaichiCharacterPack/Resources/Taichi/Animations Mecanim/m01@refuse_00.fbx
  artifactKey: Guid(e5ca29c87ae29e04ebe1f8ea6e59a980) Importer(815301076,1909f56bfc062723c751e8b465ee728b)
Start importing Assets/zad6/TaichiCharacterPack/Resources/Taichi/Animations Mecanim/m01@refuse_00.fbx using Guid(e5ca29c87ae29e04ebe1f8ea6e59a980) Importer(815301076,1909f56bfc062723c751e8b465ee728b)  -> (artifact id: '164a7b7aa5bc2a063181a54f9b565a79') in 0.022405 seconds 
========================================================================
Received Import Request.
  Time since last request: 62.042094 seconds.
  path: Assets/zad6/Animations
  artifactKey: Guid(17e5073c4c0ef9448b64e073c5564720) Importer(815301076,1909f56bfc062723c751e8b465ee728b)
Start importing Assets/zad6/Animations using Guid(17e5073c4c0ef9448b64e073c5564720) Importer(815301076,1909f56bfc062723c751e8b465ee728b)  -> (artifact id: '3395601413aac63b1fa72d69140bddca') in 0.012940 seconds 
========================================================================
Received Import Request.
  Time since last request: 0.825684 seconds.
  path: Assets/zad6/Animations/CharClone.anim
  artifactKey: Guid(aa907a24237ec3c4fabffb29b5f987d7) Importer(815301076,1909f56bfc062723c751e8b465ee728b)
Start importing Assets/zad6/Animations/CharClone.anim using Guid(aa907a24237ec3c4fabffb29b5f987d7) Importer(815301076,1909f56bfc062723c751e8b465ee728b)  -> (artifact id: '9549fff19230859e4ee559a69c365f13') in 0.014409 seconds 
========================================================================
Received Import Request.
  Time since last request: 0.893987 seconds.
  path: Assets/zad6/Animations/CharCloneNod.anim
  artifactKey: Guid(711bc395df9b51845956b7a3c6a8fd60) Importer(815301076,1909f56bfc062723c751e8b465ee728b)
Start importing Assets/zad6/Animations/CharCloneNod.anim using Guid(711bc395df9b51845956b7a3c6a8fd60) Importer(815301076,1909f56bfc062723c751e8b465ee728b)  -> (artifact id: '04abb73bebc08eb27acc297b45a50524') in 0.021672 seconds 
========================================================================
Received Import Request.
  Time since last request: 0.797434 seconds.
  path: Assets/zad6/Animations/Door Close.anim
  artifactKey: Guid(04a372a1b390d2742a64ec377ebf7b1b) Importer(815301076,1909f56bfc062723c751e8b465ee728b)
Start importing Assets/zad6/Animations/Door Close.anim using Guid(04a372a1b390d2742a64ec377ebf7b1b) Importer(815301076,1909f56bfc062723c751e8b465ee728b)  -> (artifact id: '304b2f0a4ef6a1f0336a0a8836af84f9') in 0.018442 seconds 
========================================================================
Received Import Request.
  Time since last request: 0.813324 seconds.
  path: Assets/zad6/Animations/Door Idle.anim
  artifactKey: Guid(0e9df7d878c43b946a23b57dfd60926f) Importer(815301076,1909f56bfc062723c751e8b465ee728b)
Start importing Assets/zad6/Animations/Door Idle.anim using Guid(0e9df7d878c43b946a23b57dfd60926f) Importer(815301076,1909f56bfc062723c751e8b465ee728b)  -> (artifact id: 'cfb705704f1e1ea6e4f202d23e1015e0') in 0.019203 seconds 
========================================================================
Received Import Request.
  Time since last request: 0.705498 seconds.
  path: Assets/zad6/Animations/Door Open.anim
  artifactKey: Guid(1e679ced73e4c6440ac3eb47a0bda474) Importer(815301076,1909f56bfc062723c751e8b465ee728b)
Start importing Assets/zad6/Animations/Door Open.anim using Guid(1e679ced73e4c6440ac3eb47a0bda474) Importer(815301076,1909f56bfc062723c751e8b465ee728b)  -> (artifact id: '3c905109598fe9363dda9646189f081e') in 0.014496 seconds 
========================================================================
Received Import Request.
  Time since last request: 74.406651 seconds.
  path: Assets/zad6/Animations/Door.controller
  artifactKey: Guid(c9a544533e779334c8769833261cb5be) Importer(815301076,1909f56bfc062723c751e8b465ee728b)
Start importing Assets/zad6/Animations/Door.controller using Guid(c9a544533e779334c8769833261cb5be) Importer(815301076,1909f56bfc062723c751e8b465ee728b)  -> (artifact id: '7dcf816a4ad6a2e2a09fae254748ee9c') in 0.014509 seconds 
========================================================================
Received Import Request.
  Time since last request: 134.374402 seconds.
  path: Assets/zad6/Scripts
  artifactKey: Guid(93a3710c5b48c0141918a4962515c0d1) Importer(815301076,1909f56bfc062723c751e8b465ee728b)
Start importing Assets/zad6/Scripts using Guid(93a3710c5b48c0141918a4962515c0d1) Importer(815301076,1909f56bfc062723c751e8b465ee728b)  -> (artifact id: '260bfff32db1ff41b0c467436548dffe') in 0.005396 seconds 
========================================================================
Received Import Request.
  Time since last request: 2.520468 seconds.
  path: Assets/zad6/Scripts/CharScript.cs
  artifactKey: Guid(dde35e1201f48b348bee428f2692da11) Importer(815301076,1909f56bfc062723c751e8b465ee728b)
Start importing Assets/zad6/Scripts/CharScript.cs using Guid(dde35e1201f48b348bee428f2692da11) Importer(815301076,1909f56bfc062723c751e8b465ee728b)  -> (artifact id: '5e70679eb0abb9f8d50393ecad20863e') in 0.022983 seconds 
